0 verbose cli C:\Program Files\nodejs\node.exe C:\Program Files\nodejs\node_modules\npm\bin\npm-cli.js
1 info using npm@10.5.0
2 info using node@v20.12.2
3 timing npm:load:whichnode Completed in 2ms
4 timing config:load:defaults Completed in 3ms
5 timing config:load:file:C:\Program Files\nodejs\node_modules\npm\npmrc Completed in 5ms
6 timing config:load:builtin Completed in 5ms
7 timing config:load:cli Completed in 2ms
8 timing config:load:env Completed in 0ms
9 timing config:load:file:C:\Users\hp\Desktop\React\nextjs\.npmrc Completed in 0ms
10 timing config:load:project Completed in 4ms
11 timing config:load:file:C:\Users\hp\.npmrc Completed in 1ms
12 timing config:load:user Completed in 1ms
13 timing config:load:file:C:\Users\hp\Desktop\React\nextjs\C\etc\npmrc Completed in 1ms
14 timing config:load:global Completed in 1ms
15 timing config:load:setEnvs Completed in 0ms
16 timing config:load Completed in 16ms
17 timing npm:load:configload Completed in 17ms
18 timing config:load:flatten Completed in 2ms
19 timing npm:load:mkdirpcache Completed in 1ms
20 timing npm:load:mkdirplogs Completed in 1ms
21 verbose title npm install
22 verbose argv "install"
23 timing npm:load:setTitle Completed in 1ms
24 timing npm:load:display Completed in 0ms
25 verbose logfile logs-max:10 dir:C:\Users\hp\Desktop\React\nextjs\C\_logs\2024-09-05T07_04_11_405Z-
26 verbose logfile C:\Users\hp\Desktop\React\nextjs\C\_logs\2024-09-05T07_04_11_405Z-debug-0.log
27 timing npm:load:logFile Completed in 11ms
28 timing npm:load:timers Completed in 0ms
29 timing npm:load:configScope Completed in 0ms
30 timing npm:load Completed in 58ms
31 timing arborist:ctor Completed in 2ms
32 silly logfile done cleaning log files
33 timing idealTree:init Completed in 35ms
34 timing idealTree:userRequests Completed in 0ms
35 silly idealTree buildDeps
36 timing idealTree:#root Completed in 0ms
37 timing idealTree:buildDeps Completed in 2ms
38 timing idealTree:fixDepFlags Completed in 0ms
39 timing idealTree Completed in 37ms
40 timing arborist:ctor Completed in 1ms
41 timing reify:loadTrees Completed in 49ms
42 timing reify:diffTrees Completed in 8ms
43 silly reify moves {}
44 timing reify:retireShallow Completed in 2ms
45 timing reify:createSparse Completed in 4ms
46 timing reify:loadBundles Completed in 0ms
47 silly audit bulk request {
47 silly audit   '@next/env': [ '14.2.8' ],
47 silly audit   '@next/swc-darwin-arm64': [ '14.2.8' ],
47 silly audit   '@next/swc-darwin-x64': [ '14.2.8' ],
47 silly audit   '@next/swc-linux-arm64-gnu': [ '14.2.8' ],
47 silly audit   '@next/swc-linux-arm64-musl': [ '14.2.8' ],
47 silly audit   '@next/swc-linux-x64-gnu': [ '14.2.8' ],
47 silly audit   '@next/swc-linux-x64-musl': [ '14.2.8' ],
47 silly audit   '@next/swc-win32-arm64-msvc': [ '14.2.8' ],
47 silly audit   '@next/swc-win32-ia32-msvc': [ '14.2.8' ],
47 silly audit   '@next/swc-win32-x64-msvc': [ '14.2.8' ],
47 silly audit   '@swc/counter': [ '0.1.3' ],
47 silly audit   '@swc/helpers': [ '0.5.5' ],
47 silly audit   busboy: [ '1.6.0' ],
47 silly audit   'caniuse-lite': [ '1.0.30001657' ],
47 silly audit   'client-only': [ '0.0.1' ],
47 silly audit   'graceful-fs': [ '4.2.11' ],
47 silly audit   'js-tokens': [ '4.0.0' ],
47 silly audit   'loose-envify': [ '1.4.0' ],
47 silly audit   nanoid: [ '3.3.7' ],
47 silly audit   next: [ '14.2.8' ],
47 silly audit   picocolors: [ '1.1.0' ],
47 silly audit   postcss: [ '8.4.31' ],
47 silly audit   react: [ '18.3.1' ],
47 silly audit   'react-dom': [ '18.3.1' ],
47 silly audit   scheduler: [ '0.23.2' ],
47 silly audit   'source-map-js': [ '1.2.0' ],
47 silly audit   streamsearch: [ '1.1.0' ],
47 silly audit   'styled-jsx': [ '5.1.1' ],
47 silly audit   tslib: [ '2.7.0' ]
47 silly audit }
48 verbose reify failed optional dependency C:\Users\hp\Desktop\React\nextjs\node_modules\@next\swc-win32-ia32-msvc
49 silly reify mark deleted [
49 silly reify   'C:\\Users\\hp\\Desktop\\React\\nextjs\\node_modules\\@next\\swc-win32-ia32-msvc'
49 silly reify ]
50 verbose reify failed optional dependency C:\Users\hp\Desktop\React\nextjs\node_modules\@next\swc-win32-arm64-msvc
51 silly reify mark deleted [
51 silly reify   'C:\\Users\\hp\\Desktop\\React\\nextjs\\node_modules\\@next\\swc-win32-arm64-msvc'
51 silly reify ]
52 verbose reify failed optional dependency C:\Users\hp\Desktop\React\nextjs\node_modules\@next\swc-linux-x64-musl
53 silly reify mark deleted [
53 silly reify   'C:\\Users\\hp\\Desktop\\React\\nextjs\\node_modules\\@next\\swc-linux-x64-musl'
53 silly reify ]
54 verbose reify failed optional dependency C:\Users\hp\Desktop\React\nextjs\node_modules\@next\swc-linux-x64-gnu
55 silly reify mark deleted [
55 silly reify   'C:\\Users\\hp\\Desktop\\React\\nextjs\\node_modules\\@next\\swc-linux-x64-gnu'
55 silly reify ]
56 verbose reify failed optional dependency C:\Users\hp\Desktop\React\nextjs\node_modules\@next\swc-linux-arm64-musl
57 silly reify mark deleted [
57 silly reify   'C:\\Users\\hp\\Desktop\\React\\nextjs\\node_modules\\@next\\swc-linux-arm64-musl'
57 silly reify ]
58 verbose reify failed optional dependency C:\Users\hp\Desktop\React\nextjs\node_modules\@next\swc-linux-arm64-gnu
59 silly reify mark deleted [
59 silly reify   'C:\\Users\\hp\\Desktop\\React\\nextjs\\node_modules\\@next\\swc-linux-arm64-gnu'
59 silly reify ]
60 verbose reify failed optional dependency C:\Users\hp\Desktop\React\nextjs\node_modules\@next\swc-darwin-x64
61 silly reify mark deleted [
61 silly reify   'C:\\Users\\hp\\Desktop\\React\\nextjs\\node_modules\\@next\\swc-darwin-x64'
61 silly reify ]
62 verbose reify failed optional dependency C:\Users\hp\Desktop\React\nextjs\node_modules\@next\swc-darwin-arm64
63 silly reify mark deleted [
63 silly reify   'C:\\Users\\hp\\Desktop\\React\\nextjs\\node_modules\\@next\\swc-darwin-arm64'
63 silly reify ]
64 timing reifyNode:node_modules/@next/swc-win32-ia32-msvc Completed in 9ms
65 timing reifyNode:node_modules/@next/swc-win32-arm64-msvc Completed in 9ms
66 timing reifyNode:node_modules/@next/swc-linux-x64-musl Completed in 10ms
67 timing reifyNode:node_modules/@next/swc-linux-x64-gnu Completed in 10ms
68 timing reifyNode:node_modules/@next/swc-linux-arm64-musl Completed in 10ms
69 timing reifyNode:node_modules/@next/swc-linux-arm64-gnu Completed in 9ms
70 timing reifyNode:node_modules/@next/swc-darwin-x64 Completed in 9ms
71 timing reifyNode:node_modules/@next/swc-darwin-arm64 Completed in 9ms
72 timing reify:unpack Completed in 10ms
73 timing reify:unretire Completed in 1ms
74 timing build:queue Completed in 8ms
75 timing build:deps Completed in 9ms
76 timing build Completed in 9ms
77 timing reify:build Completed in 10ms
78 timing reify:trash Completed in 7ms
79 timing reify:save Completed in 33ms
80 http fetch GET 200 https://registry.npmjs.org/npm 249ms
81 http fetch POST 200 https://registry.npmjs.org/-/npm/v1/security/advisories/bulk 384ms
82 timing auditReport:getReport Completed in 386ms
83 silly audit report {}
84 timing auditReport:init Completed in 0ms
85 timing reify:audit Completed in 388ms
86 timing reify Completed in 517ms
87 silly ADD
88 silly ADD
89 silly ADD
90 silly ADD
91 silly ADD
92 silly ADD
93 silly ADD
94 silly ADD
95 timing command:install Completed in 538ms
96 notice
96 notice New [33mminor[39m version of npm available! [31m10.5.0[39m -> [32m10.8.3[39m
96 notice Changelog: [36mhttps://github.com/npm/cli/releases/tag/v10.8.3[39m
96 notice Run [32mnpm install -g npm@10.8.3[39m to update!
96 notice
97 verbose exit 0
98 timing npm Completed in 927ms
99 info ok
